Arguments: 
  /usr/bin/node /usr/share/yarn/bin/yarn.js dve

PATH: 
  /home/kody/exec -l /bin/bash/google-cloud-sdk/bin:/home/kody/.npm-global/bin:/home/kody/bin:/home/kody/.local/bin:/home/kody/exec -l /bin/bash/google-cloud-sdk/bin:/home/kody/.npm-global/bin:/home/kody/bin:/home/kody/.local/bin:/usr/local/sbin:/usr/local/bin:/usr/sbin:/usr/bin:/sbin:/bin:/usr/games:/usr/local/games:/snap/bin

Yarn version: 
  1.5.1

Node version: 
  8.11.1

Platform: 
  linux x64

npm manifest: 
  {
    "name": "serenetext",
    "version": "1.0.0",
    "description": "",
    "main": "index.js",
    "scripts": {
      "dev": "yarn link brion && yarn link ion && yarn install && ion -c",
      "browserwatch": "brion -t template.html ion . -o index.html -w",
      "watch": "yarn browserwatch & ion -w",
      "watchWin": "start yarn browserwatch && ion -w"
    },
    "author": "KJK",
    "license": "MIT",
    "dependencies": {
      "ion": "https://github.com/krisnye/ion.git",
      "brion": "https://github.com/KodyJKing/brion.git",
      "monaco-editor": "^0.12.0"
    },
    "directories": {
      "lib": "lib",
      "src": "src"
    }
  }

yarn manifest: 
  No manifest

Lockfile: 
  # THIS IS AN AUTOGENERATED FILE. DO NOT EDIT THIS FILE DIRECTLY.
  # yarn lockfile v1
  
  
  amdefine@>=0.0.4:
    version "1.0.1"
    resolved "https://registry.yarnpkg.com/amdefine/-/amdefine-1.0.1.tgz#4a5282ac164729e93619bcfd3ad151f817ce91f5"
  
  async@~0.2.6:
    version "0.2.10"
    resolved "https://registry.yarnpkg.com/async/-/async-0.2.10.tgz#b6bbe0b0674b9d719708ca38de8c237cb526c3d1"
  
  "brion@https://github.com/KodyJKing/brion.git":
    version "1.0.0"
    resolved "https://github.com/KodyJKing/brion.git#5efa090ede354ac720b385887cd10695aca73606"
  
  camelcase@^1.0.2:
    version "1.2.1"
    resolved "https://registry.yarnpkg.com/camelcase/-/camelcase-1.2.1.tgz#9bb5304d2e0b56698b2c758b08a3eaa9daa58a39"
  
  coffeescript@2.2.x:
    version "2.2.4"
    resolved "https://registry.yarnpkg.com/coffeescript/-/coffeescript-2.2.4.tgz#427c038e17a125e52a79fdb3106761753b8585d2"
  
  decamelize@^1.0.0:
    version "1.2.0"
    resolved "https://registry.yarnpkg.com/decamelize/-/decamelize-1.2.0.tgz#f6534d15148269b20352e7bee26f501f9a191290"
  
  esprima@1.1.x:
    version "1.1.1"
    resolved "https://registry.yarnpkg.com/esprima/-/esprima-1.1.1.tgz#5b6f1547f4d102e670e140c509be6771d6aeb549"
  
  "ion@https://github.com/krisnye/ion.git":
    version "0.9.14"
    resolved "https://github.com/krisnye/ion.git#61d67c43d163edd1bec8ad0334aef5a6408de687"
    dependencies:
      coffeescript "2.2.x"
      esprima "1.1.x"
      pegjs "0.8.x"
      source-map "^0.7.2"
      uglify-js "2.4.x"
  
  monaco-editor@^0.12.0:
    version "0.12.0"
    resolved "https://registry.yarnpkg.com/monaco-editor/-/monaco-editor-0.12.0.tgz#cd8621017526b57746245104d764bbf52ad42283"
  
  pegjs@0.8.x:
    version "0.8.0"
    resolved "https://registry.yarnpkg.com/pegjs/-/pegjs-0.8.0.tgz#976f067da13e5c5b1501c017925668a253811561"
  
  source-map@0.1.34:
    version "0.1.34"
    resolved "https://registry.yarnpkg.com/source-map/-/source-map-0.1.34.tgz#a7cfe89aec7b1682c3b198d0acfb47d7d090566b"
    dependencies:
      amdefine ">=0.0.4"
  
  source-map@^0.7.2:
    version "0.7.2"
    resolved "https://registry.yarnpkg.com/source-map/-/source-map-0.7.2.tgz#115c3e891aaa9a484869fd2b89391a225feba344"
  
  uglify-js@2.4.x:
    version "2.4.24"
    resolved "https://registry.yarnpkg.com/uglify-js/-/uglify-js-2.4.24.tgz#fad5755c1e1577658bb06ff9ab6e548c95bebd6e"
    dependencies:
      async "~0.2.6"
      source-map "0.1.34"
      uglify-to-browserify "~1.0.0"
      yargs "~3.5.4"
  
  uglify-to-browserify@~1.0.0:
    version "1.0.2"
    resolved "https://registry.yarnpkg.com/uglify-to-browserify/-/uglify-to-browserify-1.0.2.tgz#6e0924d6bda6b5afe349e39a6d632850a0f882b7"
  
  window-size@0.1.0:
    version "0.1.0"
    resolved "https://registry.yarnpkg.com/window-size/-/window-size-0.1.0.tgz#5438cd2ea93b202efa3a19fe8887aee7c94f9c9d"
  
  wordwrap@0.0.2:
    version "0.0.2"
    resolved "https://registry.yarnpkg.com/wordwrap/-/wordwrap-0.0.2.tgz#b79669bb42ecb409f83d583cad52ca17eaa1643f"
  
  yargs@~3.5.4:
    version "3.5.4"
    resolved "https://registry.yarnpkg.com/yargs/-/yargs-3.5.4.tgz#d8aff8f665e94c34bd259bdebd1bfaf0ddd35361"
    dependencies:
      camelcase "^1.0.2"
      decamelize "^1.0.0"
      window-size "0.1.0"
      wordwrap "0.0.2"

Trace: 
  Error: Command "dve" not found.
      at new MessageError (/usr/share/yarn/lib/cli.js:186:110)
      at /usr/share/yarn/lib/cli.js:87307:17
      at Generator.next (<anonymous>)
      at step (/usr/share/yarn/lib/cli.js:98:30)
      at /usr/share/yarn/lib/cli.js:116:14
      at new Promise (<anonymous>)
      at new F (/usr/share/yarn/lib/cli.js:23451:28)
      at /usr/share/yarn/lib/cli.js:95:12
      at runCommand (/usr/share/yarn/lib/cli.js:87312:22)
      at Object.<anonymous> (/usr/share/yarn/lib/cli.js:87412:14)
